# JRE version: Java(TM) SE Runtime Environment (8.0_251-b08) (build 1.8.0_251-b08)
# Java VM: Java HotSpot(TM) 64-Bit Server VM (25.251-b08 mixed mode windows-amd64 compressed oops)
Heap:
 PSYoungGen      total 459264K, used 142498K [0x00000000d5f80000, 0x0000000100000000, 0x0000000100000000)
  eden space 229888K, 61% used [0x00000000d5f80000,0x00000000deaa8878,0x00000000e4000000)
  from space 229376K, 0% used [0x00000000f2000000,0x00000000f2000000,0x0000000100000000)
  to   space 229376K, 0% used [0x00000000e4000000,0x00000000e4000000,0x00000000f2000000)
 ParOldGen       total 1377792K, used 373859K [0x0000000081e00000, 0x00000000d5f80000, 0x00000000d5f80000)
  object space 1377792K, 27% used [0x0000000081e00000,0x0000000098b18cf0,0x00000000d5f80000)
 Metaspace       used 26180K, capacity 26974K, committed 27264K, reserved 1073152K
  class space    used 3444K, capacity 3655K, committed 3712K, reserved 1048576K
GC Heap History (10 events):
Event: 50.296 GC heap before
{Heap before GC invocations=135 (full 18):
 PSYoungGen      total 457216K, used 290848K [0x00000000d5f80000, 0x00000000ffe00000, 0x0000000100000000)
  eden space 229888K, 100% used [0x00000000d5f80000,0x00000000e4000000,0x00000000e4000000)
  from space 227328K, 26% used [0x00000000f2000000,0x00000000f5b88000,0x00000000ffe00000)
  to   space 228352K, 0% used [0x00000000e4000000,0x00000000e4000000,0x00000000f1f00000)
 ParOldGen       total 1377792K, used 830765K [0x0000000081e00000, 0x00000000d5f80000, 0x00000000d5f80000)
  object space 1377792K, 60% used [0x0000000081e00000,0x00000000b494b410,0x00000000d5f80000)
 Metaspace       used 26180K, capacity 26974K, committed 27264K, reserved 1073152K
  class space    used 3444K, capacity 3655K, committed 3712K, reserved 1048576K
Event: 50.340 GC heap after
Heap after GC invocations=135 (full 18):
 PSYoungGen      total 274944K, used 45021K [0x00000000d5f80000, 0x00000000ff600000, 0x0000000100000000)
  eden space 229888K, 0% used [0x00000000d5f80000,0x00000000d5f80000,0x00000000e4000000)
  from space 45056K, 99% used [0x00000000e4000000,0x00000000e6bf7760,0x00000000e6c00000)
  to   space 222720K, 0% used [0x00000000f1c80000,0x00000000f1c80000,0x00000000ff600000)
 ParOldGen       total 1377792K, used 891837K [0x0000000081e00000, 0x00000000d5f80000, 0x00000000d5f80000)
  object space 1377792K, 64% used [0x0000000081e00000,0x00000000b84ef410,0x00000000d5f80000)
 Metaspace       used 26180K, capacity 26974K, committed 27264K, reserved 1073152K
  class space    used 3444K, capacity 3655K, committed 3712K, reserved 1048576K
}
Event: 50.568 GC heap before
{Heap before GC invocations=136 (full 18):
 PSYoungGen      total 274944K, used 274909K [0x00000000d5f80000, 0x00000000ff600000, 0x0000000100000000)
  eden space 229888K, 100% used [0x00000000d5f80000,0x00000000e4000000,0x00000000e4000000)
  from space 45056K, 99% used [0x00000000e4000000,0x00000000e6bf7760,0x00000000e6c00000)
  to   space 222720K, 0% used [0x00000000f1c80000,0x00000000f1c80000,0x00000000ff600000)
 ParOldGen       total 1377792K, used 891837K [0x0000000081e00000, 0x00000000d5f80000, 0x00000000d5f80000)
  object space 1377792K, 64% used [0x0000000081e00000,0x00000000b84ef410,0x00000000d5f80000)
 Metaspace       used 26180K, capacity 26974K, committed 27264K, reserved 1073152K
  class space    used 3444K, capacity 3655K, committed 3712K, reserved 1048576K
Event: 50.604 GC heap after
Heap after GC invocations=136 (full 18):
 PSYoungGen      total 465408K, used 96830K [0x00000000d5f80000, 0x00000000ff900000, 0x0000000100000000)
  eden space 242688K, 0% used [0x00000000d5f80000,0x00000000d5f80000,0x00000000e4c80000)
  from space 222720K, 43% used [0x00000000f1c80000,0x00000000f7b0f988,0x00000000ff600000)
  to   space 212992K, 0% used [0x00000000e4c80000,0x00000000e4c80000,0x00000000f1c80000)
 ParOldGen       total 1377792K, used 959359K [0x0000000081e00000, 0x00000000d5f80000, 0x00000000d5f80000)
  object space 1377792K, 69% used [0x0000000081e00000,0x00000000bc6dfe08,0x00000000d5f80000)
 Metaspace       used 26180K, capacity 26974K, committed 27264K, reserved 1073152K
  class space    used 3444K, capacity 3655K, committed 3712K, reserved 1048576K
}
Event: 50.975 GC heap before
{Heap before GC invocations=137 (full 18):
 PSYoungGen      total 465408K, used 339518K [0x00000000d5f80000, 0x00000000ff900000, 0x0000000100000000)
  eden space 242688K, 100% used [0x00000000d5f80000,0x00000000e4c80000,0x00000000e4c80000)
  from space 222720K, 43% used [0x00000000f1c80000,0x00000000f7b0f988,0x00000000ff600000)
  to   space 212992K, 0% used [0x00000000e4c80000,0x00000000e4c80000,0x00000000f1c80000)
 ParOldGen       total 1377792K, used 959359K [0x0000000081e00000, 0x00000000d5f80000, 0x00000000d5f80000)
  object space 1377792K, 69% used [0x0000000081e00000,0x00000000bc6dfe08,0x00000000d5f80000)
 Metaspace       used 26180K, capacity 26974K, committed 27264K, reserved 1073152K
  class space    used 3444K, capacity 3655K, committed 3712K, reserved 1048576K
Event: 51.040 GC heap after
Heap after GC invocations=137 (full 18):
 PSYoungGen      total 455680K, used 190149K [0x00000000d5f80000, 0x0000000100000000, 0x0000000100000000)
  eden space 242688K, 0% used [0x00000000d5f80000,0x00000000d5f80000,0x00000000e4c80000)
  from space 212992K, 89% used [0x00000000e4c80000,0x00000000f0631580,0x00000000f1c80000)
  to   space 229376K, 0% used [0x00000000f2000000,0x00000000f2000000,0x0000000100000000)
 ParOldGen       total 1377792K, used 1059014K [0x0000000081e00000, 0x00000000d5f80000, 0x00000000d5f80000)
  object space 1377792K, 76% used [0x0000000081e00000,0x00000000c2831a30,0x00000000d5f80000)
 Metaspace       used 26180K, capacity 26974K, committed 27264K, reserved 1073152K
  class space    used 3444K, capacity 3655K, committed 3712K, reserved 1048576K
}
Event: 51.295 GC heap before
{Heap before GC invocations=138 (full 18):
 PSYoungGen      total 455680K, used 432837K [0x00000000d5f80000, 0x0000000100000000, 0x0000000100000000)
  eden space 242688K, 100% used [0x00000000d5f80000,0x00000000e4c80000,0x00000000e4c80000)
  from space 212992K, 89% used [0x00000000e4c80000,0x00000000f0631580,0x00000000f1c80000)
  to   space 229376K, 0% used [0x00000000f2000000,0x00000000f2000000,0x0000000100000000)
 ParOldGen       total 1377792K, used 1059014K [0x0000000081e00000, 0x00000000d5f80000, 0x00000000d5f80000)
  object space 1377792K, 76% used [0x0000000081e00000,0x00000000c2831a30,0x00000000d5f80000)
 Metaspace       used 26180K, capacity 26974K, committed 27264K, reserved 1073152K
  class space    used 3444K, capacity 3655K, committed 3712K, reserved 1048576K
Event: 51.381 GC heap after
Heap after GC invocations=138 (full 18):
 PSYoungGen      total 459264K, used 65344K [0x00000000d5f80000, 0x0000000100000000, 0x0000000100000000)
  eden space 229888K, 0% used [0x00000000d5f80000,0x00000000d5f80000,0x00000000e4000000)
  from space 229376K, 28% used [0x00000000f2000000,0x00000000f5fd0000,0x0000000100000000)
  to   space 229376K, 0% used [0x00000000e4000000,0x00000000e4000000,0x00000000f2000000)
 ParOldGen       total 1377792K, used 1254122K [0x0000000081e00000, 0x00000000d5f80000, 0x00000000d5f80000)
  object space 1377792K, 91% used [0x0000000081e00000,0x00000000ce6baaa0,0x00000000d5f80000)
 Metaspace       used 26180K, capacity 26974K, committed 27264K, reserved 1073152K
  class space    used 3444K, capacity 3655K, committed 3712K, reserved 1048576K
}
Event: 51.381 GC heap before
{Heap before GC invocations=139 (full 19):
 PSYoungGen      total 459264K, used 65344K [0x00000000d5f80000, 0x0000000100000000, 0x0000000100000000)
  eden space 229888K, 0% used [0x00000000d5f80000,0x00000000d5f80000,0x00000000e4000000)
  from space 229376K, 28% used [0x00000000f2000000,0x00000000f5fd0000,0x0000000100000000)
  to   space 229376K, 0% used [0x00000000e4000000,0x00000000e4000000,0x00000000f2000000)
 ParOldGen       total 1377792K, used 1254122K [0x0000000081e00000, 0x00000000d5f80000, 0x00000000d5f80000)
  object space 1377792K, 91% used [0x0000000081e00000,0x00000000ce6baaa0,0x00000000d5f80000)
 Metaspace       used 26180K, capacity 26974K, committed 27264K, reserved 1073152K
  class space    used 3444K, capacity 3655K, committed 3712K, reserved 1048576K
Event: 52.039 GC heap after
Heap after GC invocations=139 (full 19):
 PSYoungGen      total 459264K, used 0K [0x00000000d5f80000, 0x0000000100000000, 0x0000000100000000)
  eden space 229888K, 0% used [0x00000000d5f80000,0x00000000d5f80000,0x00000000e4000000)
  from space 229376K, 0% used [0x00000000f2000000,0x00000000f2000000,0x0000000100000000)
  to   space 229376K, 0% used [0x00000000e4000000,0x00000000e4000000,0x00000000f2000000)
 ParOldGen       total 1377792K, used 373859K [0x0000000081e00000, 0x00000000d5f80000, 0x00000000d5f80000)
  object space 1377792K, 27% used [0x0000000081e00000,0x0000000098b18cf0,0x00000000d5f80000)
 Metaspace       used 26180K, capacity 26974K, committed 27264K, reserved 1073152K
  class space    used 3444K, capacity 3655K, committed 3712K, reserved 1048576K
}

