# JRE version: Java(TM) SE Runtime Environment (8.0_251-b08) (build 1.8.0_251-b08)
# Java VM: Java HotSpot(TM) 64-Bit Server VM (25.251-b08 mixed mode windows-amd64 compressed oops)
Heap:
 PSYoungGen      total 435200K, used 191717K [0x00000000d5f80000, 0x0000000100000000, 0x0000000100000000)
  eden space 220160K, 0% used [0x00000000d5f80000,0x00000000d5f80000,0x00000000e3680000)
  from space 215040K, 89% used [0x00000000f1680000,0x00000000fd1b9760,0x00000000fe880000)
  to   space 229376K, 0% used [0x00000000e3680000,0x00000000e3680000,0x00000000f1680000)
 ParOldGen       total 749568K, used 594974K [0x0000000081e00000, 0x00000000afa00000, 0x00000000d5f80000)
  object space 749568K, 79% used [0x0000000081e00000,0x00000000a63078d8,0x00000000afa00000)
 Metaspace       used 26260K, capacity 27040K, committed 27264K, reserved 1073152K
  class space    used 3479K, capacity 3698K, committed 3712K, reserved 1048576K
GC Heap History (10 events):
Event: 134.747 GC heap after
Heap after GC invocations=62 (full 10):
 PSYoungGen      total 459264K, used 70101K [0x00000000d5f80000, 0x0000000100000000, 0x0000000100000000)
  eden space 229888K, 0% used [0x00000000d5f80000,0x00000000d5f80000,0x00000000e4000000)
  from space 229376K, 30% used [0x00000000f2000000,0x00000000f6475720,0x0000000100000000)
  to   space 229376K, 0% used [0x00000000e4000000,0x00000000e4000000,0x00000000f2000000)
 ParOldGen       total 749568K, used 322365K [0x0000000081e00000, 0x00000000afa00000, 0x00000000d5f80000)
  object space 749568K, 43% used [0x0000000081e00000,0x00000000958cf498,0x00000000afa00000)
 Metaspace       used 26256K, capacity 27040K, committed 27264K, reserved 1073152K
  class space    used 3479K, capacity 3698K, committed 3712K, reserved 1048576K
}
Event: 135.006 GC heap before
{Heap before GC invocations=63 (full 10):
 PSYoungGen      total 459264K, used 299989K [0x00000000d5f80000, 0x0000000100000000, 0x0000000100000000)
  eden space 229888K, 100% used [0x00000000d5f80000,0x00000000e4000000,0x00000000e4000000)
  from space 229376K, 30% used [0x00000000f2000000,0x00000000f6475720,0x0000000100000000)
  to   space 229376K, 0% used [0x00000000e4000000,0x00000000e4000000,0x00000000f2000000)
 ParOldGen       total 749568K, used 322365K [0x0000000081e00000, 0x00000000afa00000, 0x00000000d5f80000)
  object space 749568K, 43% used [0x0000000081e00000,0x00000000958cf498,0x00000000afa00000)
 Metaspace       used 26256K, capacity 27040K, committed 27264K, reserved 1073152K
  class space    used 3479K, capacity 3698K, committed 3712K, reserved 1048576K
Event: 135.075 GC heap after
Heap after GC invocations=63 (full 10):
 PSYoungGen      total 459264K, used 61952K [0x00000000d5f80000, 0x0000000100000000, 0x0000000100000000)
  eden space 229888K, 0% used [0x00000000d5f80000,0x00000000d5f80000,0x00000000e4000000)
  from space 229376K, 27% used [0x00000000e4000000,0x00000000e7c80000,0x00000000f2000000)
  to   space 229376K, 0% used [0x00000000f2000000,0x00000000f2000000,0x0000000100000000)
 ParOldGen       total 749568K, used 392578K [0x0000000081e00000, 0x00000000afa00000, 0x00000000d5f80000)
  object space 749568K, 52% used [0x0000000081e00000,0x0000000099d60bb8,0x00000000afa00000)
 Metaspace       used 26256K, capacity 27040K, committed 27264K, reserved 1073152K
  class space    used 3479K, capacity 3698K, committed 3712K, reserved 1048576K
}
Event: 135.282 GC heap before
{Heap before GC invocations=64 (full 10):
 PSYoungGen      total 459264K, used 291840K [0x00000000d5f80000, 0x0000000100000000, 0x0000000100000000)
  eden space 229888K, 100% used [0x00000000d5f80000,0x00000000e4000000,0x00000000e4000000)
  from space 229376K, 27% used [0x00000000e4000000,0x00000000e7c80000,0x00000000f2000000)
  to   space 229376K, 0% used [0x00000000f2000000,0x00000000f2000000,0x0000000100000000)
 ParOldGen       total 749568K, used 392578K [0x0000000081e00000, 0x00000000afa00000, 0x00000000d5f80000)
  object space 749568K, 52% used [0x0000000081e00000,0x0000000099d60bb8,0x00000000afa00000)
 Metaspace       used 26260K, capacity 27040K, committed 27264K, reserved 1073152K
  class space    used 3479K, capacity 3698K, committed 3712K, reserved 1048576K
Event: 135.325 GC heap after
Heap after GC invocations=64 (full 10):
 PSYoungGen      total 456192K, used 46589K [0x00000000d5f80000, 0x00000000ffd00000, 0x0000000100000000)
  eden space 229888K, 0% used [0x00000000d5f80000,0x00000000d5f80000,0x00000000e4000000)
  from space 226304K, 20% used [0x00000000f2000000,0x00000000f4d7f760,0x00000000ffd00000)
  to   space 227840K, 0% used [0x00000000e4000000,0x00000000e4000000,0x00000000f1e80000)
 ParOldGen       total 749568K, used 454626K [0x0000000081e00000, 0x00000000afa00000, 0x00000000d5f80000)
  object space 749568K, 60% used [0x0000000081e00000,0x000000009d9f8bb8,0x00000000afa00000)
 Metaspace       used 26260K, capacity 27040K, committed 27264K, reserved 1073152K
  class space    used 3479K, capacity 3698K, committed 3712K, reserved 1048576K
}
Event: 135.525 GC heap before
{Heap before GC invocations=65 (full 10):
 PSYoungGen      total 456192K, used 276477K [0x00000000d5f80000, 0x00000000ffd00000, 0x0000000100000000)
  eden space 229888K, 100% used [0x00000000d5f80000,0x00000000e4000000,0x00000000e4000000)
  from space 226304K, 20% used [0x00000000f2000000,0x00000000f4d7f760,0x00000000ffd00000)
  to   space 227840K, 0% used [0x00000000e4000000,0x00000000e4000000,0x00000000f1e80000)
 ParOldGen       total 749568K, used 454626K [0x0000000081e00000, 0x00000000afa00000, 0x00000000d5f80000)
  object space 749568K, 60% used [0x0000000081e00000,0x000000009d9f8bb8,0x00000000afa00000)
 Metaspace       used 26260K, capacity 27040K, committed 27264K, reserved 1073152K
  class space    used 3479K, capacity 3698K, committed 3712K, reserved 1048576K
Event: 135.559 GC heap after
Heap after GC invocations=65 (full 10):
 PSYoungGen      total 320512K, used 90589K [0x00000000d5f80000, 0x00000000fe880000, 0x0000000100000000)
  eden space 229888K, 0% used [0x00000000d5f80000,0x00000000d5f80000,0x00000000e4000000)
  from space 90624K, 99% used [0x00000000e4000000,0x00000000e98777f8,0x00000000e9880000)
  to   space 215040K, 0% used [0x00000000f1680000,0x00000000f1680000,0x00000000fe880000)
 ParOldGen       total 749568K, used 501039K [0x0000000081e00000, 0x00000000afa00000, 0x00000000d5f80000)
  object space 749568K, 66% used [0x0000000081e00000,0x00000000a074bdc0,0x00000000afa00000)
 Metaspace       used 26260K, capacity 27040K, committed 27264K, reserved 1073152K
  class space    used 3479K, capacity 3698K, committed 3712K, reserved 1048576K
}
Event: 135.891 GC heap before
{Heap before GC invocations=66 (full 10):
 PSYoungGen      total 320512K, used 320477K [0x00000000d5f80000, 0x00000000fe880000, 0x0000000100000000)
  eden space 229888K, 100% used [0x00000000d5f80000,0x00000000e4000000,0x00000000e4000000)
  from space 90624K, 99% used [0x00000000e4000000,0x00000000e98777f8,0x00000000e9880000)
  to   space 215040K, 0% used [0x00000000f1680000,0x00000000f1680000,0x00000000fe880000)
 ParOldGen       total 749568K, used 501039K [0x0000000081e00000, 0x00000000afa00000, 0x00000000d5f80000)
  object space 749568K, 66% used [0x0000000081e00000,0x00000000a074bdc0,0x00000000afa00000)
 Metaspace       used 26260K, capacity 27040K, committed 27264K, reserved 1073152K
  class space    used 3479K, capacity 3698K, committed 3712K, reserved 1048576K
Event: 135.953 GC heap after
Heap after GC invocations=66 (full 10):
 PSYoungGen      total 435200K, used 191717K [0x00000000d5f80000, 0x0000000100000000, 0x0000000100000000)
  eden space 220160K, 0% used [0x00000000d5f80000,0x00000000d5f80000,0x00000000e3680000)
  from space 215040K, 89% used [0x00000000f1680000,0x00000000fd1b9760,0x00000000fe880000)
  to   space 229376K, 0% used [0x00000000e3680000,0x00000000e3680000,0x00000000f1680000)
 ParOldGen       total 749568K, used 594974K [0x0000000081e00000, 0x00000000afa00000, 0x00000000d5f80000)
  object space 749568K, 79% used [0x0000000081e00000,0x00000000a63078d8,0x00000000afa00000)
 Metaspace       used 26260K, capacity 27040K, committed 27264K, reserved 1073152K
  class space    used 3479K, capacity 3698K, committed 3712K, reserved 1048576K
}
Event: 135.953 GC heap before
{Heap before GC invocations=67 (full 11):
 PSYoungGen      total 435200K, used 191717K [0x00000000d5f80000, 0x0000000100000000, 0x0000000100000000)
  eden space 220160K, 0% used [0x00000000d5f80000,0x00000000d5f80000,0x00000000e3680000)
  from space 215040K, 89% used [0x00000000f1680000,0x00000000fd1b9760,0x00000000fe880000)
  to   space 229376K, 0% used [0x00000000e3680000,0x00000000e3680000,0x00000000f1680000)
 ParOldGen       total 749568K, used 594974K [0x0000000081e00000, 0x00000000afa00000, 0x00000000d5f80000)
  object space 749568K, 79% used [0x0000000081e00000,0x00000000a63078d8,0x00000000afa00000)
 Metaspace       used 26260K, capacity 27040K, committed 27264K, reserved 1073152K
  class space    used 3479K, capacity 3698K, committed 3712K, reserved 1048576K

