# JRE version: Java(TM) SE Runtime Environment (8.0_251-b08) (build 1.8.0_251-b08)
# Java VM: Java HotSpot(TM) 64-Bit Server VM (25.251-b08 mixed mode windows-amd64 compressed oops)
Heap:
 PSYoungGen      total 449024K, used 449016K [0x00000000d5f80000, 0x0000000100000000, 0x0000000100000000)
  eden space 219648K, 100% used [0x00000000d5f80000,0x00000000e3600000,0x00000000e3600000)
  from space 229376K, 99% used [0x00000000e3600000,0x00000000f15fe288,0x00000000f1600000)
  to   space 229376K, 27% used [0x00000000f2000000,0x00000000f5c98000,0x0000000100000000)
 ParOldGen       total 769024K, used 767444K [0x0000000081e00000, 0x00000000b0d00000, 0x00000000d5f80000)
  object space 769024K, 99% used [0x0000000081e00000,0x00000000b0b75180,0x00000000b0d00000)
 Metaspace       used 17241K, capacity 17434K, committed 17792K, reserved 1064960K
  class space    used 2263K, capacity 2327K, committed 2432K, reserved 1048576K
GC Heap History (10 events):
Event: 10.131 GC heap after
Heap after GC invocations=33 (full 6):
 PSYoungGen      total 459264K, used 64864K [0x00000000d5f80000, 0x0000000100000000, 0x0000000100000000)
  eden space 229888K, 0% used [0x00000000d5f80000,0x00000000d5f80000,0x00000000e4000000)
  from space 229376K, 28% used [0x00000000e4000000,0x00000000e7f58000,0x00000000f2000000)
  to   space 229376K, 0% used [0x00000000f2000000,0x00000000f2000000,0x0000000100000000)
 ParOldGen       total 757248K, used 308357K [0x0000000081e00000, 0x00000000b0180000, 0x00000000d5f80000)
  object space 757248K, 40% used [0x0000000081e00000,0x0000000094b21690,0x00000000b0180000)
 Metaspace       used 17200K, capacity 17370K, committed 17792K, reserved 1064960K
  class space    used 2263K, capacity 2327K, committed 2432K, reserved 1048576K
}
Event: 10.420 GC heap before
{Heap before GC invocations=34 (full 6):
 PSYoungGen      total 459264K, used 294630K [0x00000000d5f80000, 0x0000000100000000, 0x0000000100000000)
  eden space 229888K, 99% used [0x00000000d5f80000,0x00000000e3fe1ae0,0x00000000e4000000)
  from space 229376K, 28% used [0x00000000e4000000,0x00000000e7f58000,0x00000000f2000000)
  to   space 229376K, 0% used [0x00000000f2000000,0x00000000f2000000,0x0000000100000000)
 ParOldGen       total 757248K, used 308357K [0x0000000081e00000, 0x00000000b0180000, 0x00000000d5f80000)
  object space 757248K, 40% used [0x0000000081e00000,0x0000000094b21690,0x00000000b0180000)
 Metaspace       used 17225K, capacity 17434K, committed 17792K, reserved 1064960K
  class space    used 2263K, capacity 2327K, committed 2432K, reserved 1048576K
Event: 10.485 GC heap after
Heap after GC invocations=34 (full 6):
 PSYoungGen      total 456192K, used 80014K [0x00000000d5f80000, 0x00000000ffd00000, 0x0000000100000000)
  eden space 229888K, 0% used [0x00000000d5f80000,0x00000000d5f80000,0x00000000e4000000)
  from space 226304K, 35% used [0x00000000f2000000,0x00000000f6e23b60,0x00000000ffd00000)
  to   space 227840K, 0% used [0x00000000e4000000,0x00000000e4000000,0x00000000f1e80000)
 ParOldGen       total 757248K, used 373333K [0x0000000081e00000, 0x00000000b0180000, 0x00000000d5f80000)
  object space 757248K, 49% used [0x0000000081e00000,0x0000000098a95690,0x00000000b0180000)
 Metaspace       used 17225K, capacity 17434K, committed 17792K, reserved 1064960K
  class space    used 2263K, capacity 2327K, committed 2432K, reserved 1048576K
}
Event: 10.585 GC heap before
{Heap before GC invocations=35 (full 6):
 PSYoungGen      total 456192K, used 309902K [0x00000000d5f80000, 0x00000000ffd00000, 0x0000000100000000)
  eden space 229888K, 100% used [0x00000000d5f80000,0x00000000e4000000,0x00000000e4000000)
  from space 226304K, 35% used [0x00000000f2000000,0x00000000f6e23b60,0x00000000ffd00000)
  to   space 227840K, 0% used [0x00000000e4000000,0x00000000e4000000,0x00000000f1e80000)
 ParOldGen       total 757248K, used 373333K [0x0000000081e00000, 0x00000000b0180000, 0x00000000d5f80000)
  object space 757248K, 49% used [0x0000000081e00000,0x0000000098a95690,0x00000000b0180000)
 Metaspace       used 17239K, capacity 17434K, committed 17792K, reserved 1064960K
  class space    used 2263K, capacity 2327K, committed 2432K, reserved 1048576K
Event: 10.616 GC heap after
Heap after GC invocations=35 (full 6):
 PSYoungGen      total 320000K, used 89721K [0x00000000d5f80000, 0x00000000fe780000, 0x0000000100000000)
  eden space 229888K, 0% used [0x00000000d5f80000,0x00000000d5f80000,0x00000000e4000000)
  from space 90112K, 99% used [0x00000000e4000000,0x00000000e979e528,0x00000000e9800000)
  to   space 214528K, 0% used [0x00000000f1600000,0x00000000f1600000,0x00000000fe780000)
 ParOldGen       total 757248K, used 373341K [0x0000000081e00000, 0x00000000b0180000, 0x00000000d5f80000)
  object space 757248K, 49% used [0x0000000081e00000,0x0000000098a97690,0x00000000b0180000)
 Metaspace       used 17239K, capacity 17434K, committed 17792K, reserved 1064960K
  class space    used 2263K, capacity 2327K, committed 2432K, reserved 1048576K
}
Event: 10.904 GC heap before
{Heap before GC invocations=36 (full 6):
 PSYoungGen      total 320000K, used 319609K [0x00000000d5f80000, 0x00000000fe780000, 0x0000000100000000)
  eden space 229888K, 100% used [0x00000000d5f80000,0x00000000e4000000,0x00000000e4000000)
  from space 90112K, 99% used [0x00000000e4000000,0x00000000e979e528,0x00000000e9800000)
  to   space 214528K, 0% used [0x00000000f1600000,0x00000000f1600000,0x00000000fe780000)
 ParOldGen       total 757248K, used 373341K [0x0000000081e00000, 0x00000000b0180000, 0x00000000d5f80000)
  object space 757248K, 49% used [0x0000000081e00000,0x0000000098a97690,0x00000000b0180000)
 Metaspace       used 17241K, capacity 17434K, committed 17792K, reserved 1064960K
  class space    used 2263K, capacity 2327K, committed 2432K, reserved 1048576K
Event: 10.969 GC heap after
Heap after GC invocations=36 (full 6):
 PSYoungGen      total 434176K, used 214504K [0x00000000d5f80000, 0x0000000100000000, 0x0000000100000000)
  eden space 219648K, 0% used [0x00000000d5f80000,0x00000000d5f80000,0x00000000e3600000)
  from space 214528K, 99% used [0x00000000f1600000,0x00000000fe77a338,0x00000000fe780000)
  to   space 229376K, 0% used [0x00000000e3600000,0x00000000e3600000,0x00000000f1600000)
 ParOldGen       total 757248K, used 430207K [0x0000000081e00000, 0x00000000b0180000, 0x00000000d5f80000)
  object space 757248K, 56% used [0x0000000081e00000,0x000000009c21fd60,0x00000000b0180000)
 Metaspace       used 17241K, capacity 17434K, committed 17792K, reserved 1064960K
  class space    used 2263K, capacity 2327K, committed 2432K, reserved 1048576K
}
Event: 11.251 GC heap before
{Heap before GC invocations=37 (full 6):
 PSYoungGen      total 434176K, used 434152K [0x00000000d5f80000, 0x0000000100000000, 0x0000000100000000)
  eden space 219648K, 100% used [0x00000000d5f80000,0x00000000e3600000,0x00000000e3600000)
  from space 214528K, 99% used [0x00000000f1600000,0x00000000fe77a338,0x00000000fe780000)
  to   space 229376K, 0% used [0x00000000e3600000,0x00000000e3600000,0x00000000f1600000)
 ParOldGen       total 757248K, used 430207K [0x0000000081e00000, 0x00000000b0180000, 0x00000000d5f80000)
  object space 757248K, 56% used [0x0000000081e00000,0x000000009c21fd60,0x00000000b0180000)
 Metaspace       used 17241K, capacity 17434K, committed 17792K, reserved 1064960K
  class space    used 2263K, capacity 2327K, committed 2432K, reserved 1048576K
Event: 11.345 GC heap after
Heap after GC invocations=37 (full 6):
 PSYoungGen      total 449024K, used 229368K [0x00000000d5f80000, 0x0000000100000000, 0x0000000100000000)
  eden space 219648K, 0% used [0x00000000d5f80000,0x00000000d5f80000,0x00000000e3600000)
  from space 229376K, 99% used [0x00000000e3600000,0x00000000f15fe288,0x00000000f1600000)
  to   space 229376K, 0% used [0x00000000f2000000,0x00000000f2000000,0x0000000100000000)
 ParOldGen       total 757248K, used 542308K [0x0000000081e00000, 0x00000000b0180000, 0x00000000d5f80000)
  object space 757248K, 71% used [0x0000000081e00000,0x00000000a2f993b8,0x00000000b0180000)
 Metaspace       used 17241K, capacity 17434K, committed 17792K, reserved 1064960K
  class space    used 2263K, capacity 2327K, committed 2432K, reserved 1048576K
}
Event: 11.568 GC heap before
{Heap before GC invocations=38 (full 6):
 PSYoungGen      total 449024K, used 449016K [0x00000000d5f80000, 0x0000000100000000, 0x0000000100000000)
  eden space 219648K, 100% used [0x00000000d5f80000,0x00000000e3600000,0x00000000e3600000)
  from space 229376K, 99% used [0x00000000e3600000,0x00000000f15fe288,0x00000000f1600000)
  to   space 229376K, 0% used [0x00000000f2000000,0x00000000f2000000,0x0000000100000000)
 ParOldGen       total 757248K, used 542308K [0x0000000081e00000, 0x00000000b0180000, 0x00000000d5f80000)
  object space 757248K, 71% used [0x0000000081e00000,0x00000000a2f993b8,0x00000000b0180000)
 Metaspace       used 17241K, capacity 17434K, committed 17792K, reserved 1064960K
  class space    used 2263K, capacity 2327K, committed 2432K, reserved 1048576K

