# JRE version: Java(TM) SE Runtime Environment (8.0_251-b08) (build 1.8.0_251-b08)
# Java VM: Java HotSpot(TM) 64-Bit Server VM (25.251-b08 mixed mode windows-amd64 compressed oops)
Heap:
 PSYoungGen      total 459264K, used 264648K [0x00000000d5f80000, 0x0000000100000000, 0x0000000100000000)
  eden space 229888K, 100% used [0x00000000d5f80000,0x00000000e4000000,0x00000000e4000000)
  from space 229376K, 15% used [0x00000000f2000000,0x00000000f41f2290,0x0000000100000000)
  to   space 229376K, 49% used [0x00000000e4000000,0x00000000eafff708,0x00000000f2000000)
 ParOldGen       total 815616K, used 489509K [0x0000000081e00000, 0x00000000b3a80000, 0x00000000d5f80000)
  object space 815616K, 60% used [0x0000000081e00000,0x000000009fc095f8,0x00000000b3a80000)
 Metaspace       used 25744K, capacity 26490K, committed 26752K, reserved 1073152K
  class space    used 3431K, capacity 3629K, committed 3712K, reserved 1048576K
GC Heap History (10 events):
Event: 11.743 GC heap after
Heap after GC invocations=37 (full 6):
 PSYoungGen      total 459264K, used 166854K [0x00000000d5f80000, 0x0000000100000000, 0x0000000100000000)
  eden space 229888K, 0% used [0x00000000d5f80000,0x00000000d5f80000,0x00000000e4000000)
  from space 229376K, 72% used [0x00000000e4000000,0x00000000ee2f19a0,0x00000000f2000000)
  to   space 229376K, 0% used [0x00000000f2000000,0x00000000f2000000,0x0000000100000000)
 ParOldGen       total 736768K, used 637460K [0x0000000081e00000, 0x00000000aed80000, 0x00000000d5f80000)
  object space 736768K, 86% used [0x0000000081e00000,0x00000000a8c85210,0x00000000aed80000)
 Metaspace       used 17278K, capacity 17434K, committed 17792K, reserved 1064960K
  class space    used 2263K, capacity 2327K, committed 2432K, reserved 1048576K
}
Event: 11.743 GC heap before
{Heap before GC invocations=38 (full 7):
 PSYoungGen      total 459264K, used 166854K [0x00000000d5f80000, 0x0000000100000000, 0x0000000100000000)
  eden space 229888K, 0% used [0x00000000d5f80000,0x00000000d5f80000,0x00000000e4000000)
  from space 229376K, 72% used [0x00000000e4000000,0x00000000ee2f19a0,0x00000000f2000000)
  to   space 229376K, 0% used [0x00000000f2000000,0x00000000f2000000,0x0000000100000000)
 ParOldGen       total 736768K, used 637460K [0x0000000081e00000, 0x00000000aed80000, 0x00000000d5f80000)
  object space 736768K, 86% used [0x0000000081e00000,0x00000000a8c85210,0x00000000aed80000)
 Metaspace       used 17278K, capacity 17434K, committed 17792K, reserved 1064960K
  class space    used 2263K, capacity 2327K, committed 2432K, reserved 1048576K
Event: 12.152 GC heap after
Heap after GC invocations=38 (full 7):
 PSYoungGen      total 459264K, used 0K [0x00000000d5f80000, 0x0000000100000000, 0x0000000100000000)
  eden space 229888K, 0% used [0x00000000d5f80000,0x00000000d5f80000,0x00000000e4000000)
  from space 229376K, 0% used [0x00000000e4000000,0x00000000e4000000,0x00000000f2000000)
  to   space 229376K, 0% used [0x00000000f2000000,0x00000000f2000000,0x0000000100000000)
 ParOldGen       total 815616K, used 316636K [0x0000000081e00000, 0x00000000b3a80000, 0x00000000d5f80000)
  object space 815616K, 38% used [0x0000000081e00000,0x0000000095337210,0x00000000b3a80000)
 Metaspace       used 17278K, capacity 17434K, committed 17792K, reserved 1064960K
  class space    used 2263K, capacity 2327K, committed 2432K, reserved 1048576K
}
Event: 12.416 GC heap before
{Heap before GC invocations=39 (full 7):
 PSYoungGen      total 459264K, used 229888K [0x00000000d5f80000, 0x0000000100000000, 0x0000000100000000)
  eden space 229888K, 100% used [0x00000000d5f80000,0x00000000e4000000,0x00000000e4000000)
  from space 229376K, 0% used [0x00000000e4000000,0x00000000e4000000,0x00000000f2000000)
  to   space 229376K, 0% used [0x00000000f2000000,0x00000000f2000000,0x0000000100000000)
 ParOldGen       total 815616K, used 316636K [0x0000000081e00000, 0x00000000b3a80000, 0x00000000d5f80000)
  object space 815616K, 38% used [0x0000000081e00000,0x0000000095337210,0x00000000b3a80000)
 Metaspace       used 17278K, capacity 17434K, committed 17792K, reserved 1064960K
  class space    used 2263K, capacity 2327K, committed 2432K, reserved 1048576K
Event: 12.459 GC heap after
Heap after GC invocations=39 (full 7):
 PSYoungGen      total 459264K, used 64896K [0x00000000d5f80000, 0x0000000100000000, 0x0000000100000000)
  eden space 229888K, 0% used [0x00000000d5f80000,0x00000000d5f80000,0x00000000e4000000)
  from space 229376K, 28% used [0x00000000f2000000,0x00000000f5f60000,0x0000000100000000)
  to   space 229376K, 0% used [0x00000000e4000000,0x00000000e4000000,0x00000000f2000000)
 ParOldGen       total 815616K, used 316636K [0x0000000081e00000, 0x00000000b3a80000, 0x00000000d5f80000)
  object space 815616K, 38% used [0x0000000081e00000,0x0000000095337210,0x00000000b3a80000)
 Metaspace       used 17278K, capacity 17434K, committed 17792K, reserved 1064960K
  class space    used 2263K, capacity 2327K, committed 2432K, reserved 1048576K
}
Event: 14.261 GC heap before
{Heap before GC invocations=40 (full 7):
 PSYoungGen      total 459264K, used 294784K [0x00000000d5f80000, 0x0000000100000000, 0x0000000100000000)
  eden space 229888K, 100% used [0x00000000d5f80000,0x00000000e4000000,0x00000000e4000000)
  from space 229376K, 28% used [0x00000000f2000000,0x00000000f5f60000,0x0000000100000000)
  to   space 229376K, 0% used [0x00000000e4000000,0x00000000e4000000,0x00000000f2000000)
 ParOldGen       total 815616K, used 316636K [0x0000000081e00000, 0x00000000b3a80000, 0x00000000d5f80000)
  object space 815616K, 38% used [0x0000000081e00000,0x0000000095337210,0x00000000b3a80000)
 Metaspace       used 22778K, capacity 23080K, committed 23424K, reserved 1069056K
  class space    used 2979K, capacity 3090K, committed 3200K, reserved 1048576K
Event: 14.342 GC heap after
Heap after GC invocations=40 (full 7):
 PSYoungGen      total 459264K, used 55095K [0x00000000d5f80000, 0x0000000100000000, 0x0000000100000000)
  eden space 229888K, 0% used [0x00000000d5f80000,0x00000000d5f80000,0x00000000e4000000)
  from space 229376K, 24% used [0x00000000e4000000,0x00000000e75cdfa0,0x00000000f2000000)
  to   space 229376K, 0% used [0x00000000f2000000,0x00000000f2000000,0x0000000100000000)
 ParOldGen       total 815616K, used 381652K [0x0000000081e00000, 0x00000000b3a80000, 0x00000000d5f80000)
  object space 815616K, 46% used [0x0000000081e00000,0x00000000992b5210,0x00000000b3a80000)
 Metaspace       used 22778K, capacity 23080K, committed 23424K, reserved 1069056K
  class space    used 2979K, capacity 3090K, committed 3200K, reserved 1048576K
}
Event: 21.848 GC heap before
{Heap before GC invocations=41 (full 7):
 PSYoungGen      total 459264K, used 284983K [0x00000000d5f80000, 0x0000000100000000, 0x0000000100000000)
  eden space 229888K, 100% used [0x00000000d5f80000,0x00000000e4000000,0x00000000e4000000)
  from space 229376K, 24% used [0x00000000e4000000,0x00000000e75cdfa0,0x00000000f2000000)
  to   space 229376K, 0% used [0x00000000f2000000,0x00000000f2000000,0x0000000100000000)
 ParOldGen       total 815616K, used 381652K [0x0000000081e00000, 0x00000000b3a80000, 0x00000000d5f80000)
  object space 815616K, 46% used [0x0000000081e00000,0x00000000992b5210,0x00000000b3a80000)
 Metaspace       used 25744K, capacity 26490K, committed 26752K, reserved 1073152K
  class space    used 3431K, capacity 3629K, committed 3712K, reserved 1048576K
Event: 21.946 GC heap after
Heap after GC invocations=41 (full 7):
 PSYoungGen      total 459264K, used 34760K [0x00000000d5f80000, 0x0000000100000000, 0x0000000100000000)
  eden space 229888K, 0% used [0x00000000d5f80000,0x00000000d5f80000,0x00000000e4000000)
  from space 229376K, 15% used [0x00000000f2000000,0x00000000f41f2290,0x0000000100000000)
  to   space 229376K, 0% used [0x00000000e4000000,0x00000000e4000000,0x00000000f2000000)
 ParOldGen       total 815616K, used 434085K [0x0000000081e00000, 0x00000000b3a80000, 0x00000000d5f80000)
  object space 815616K, 53% used [0x0000000081e00000,0x000000009c5e95a0,0x00000000b3a80000)
 Metaspace       used 25744K, capacity 26490K, committed 26752K, reserved 1073152K
  class space    used 3431K, capacity 3629K, committed 3712K, reserved 1048576K
}
Event: 22.607 GC heap before
{Heap before GC invocations=42 (full 7):
 PSYoungGen      total 459264K, used 264648K [0x00000000d5f80000, 0x0000000100000000, 0x0000000100000000)
  eden space 229888K, 100% used [0x00000000d5f80000,0x00000000e4000000,0x00000000e4000000)
  from space 229376K, 15% used [0x00000000f2000000,0x00000000f41f2290,0x0000000100000000)
  to   space 229376K, 0% used [0x00000000e4000000,0x00000000e4000000,0x00000000f2000000)
 ParOldGen       total 815616K, used 434085K [0x0000000081e00000, 0x00000000b3a80000, 0x00000000d5f80000)
  object space 815616K, 53% used [0x0000000081e00000,0x000000009c5e95a0,0x00000000b3a80000)
 Metaspace       used 25744K, capacity 26490K, committed 26752K, reserved 1073152K
  class space    used 3431K, capacity 3629K, committed 3712K, reserved 1048576K

